<?xml version="1.0" encoding="UTF-8"?>
<!-- Generated by org.testng.reporters.JUnitReportReporter -->
<testsuite hostname="HP-5CG2171WBX" failures="0" tests="100" name="Sahithi.Chowdary.Harshitha" time="0.213" errors="0" timestamp="2026-03-16T22:47:32 IST" skipped="0">
  <testcase classname="Sahithi.Chowdary.Harshitha" name="mail" time="0.001"/>
  <testcase classname="Sahithi.Chowdary.Harshitha" name="mail" time="0.003"/>
  <testcase classname="Sahithi.Chowdary.Harshitha" name="mail" time="0.017"/>
  <testcase classname="Sahithi.Chowdary.Harshitha" name="mail" time="0.002"/>
  <testcase classname="Sahithi.Chowdary.Harshitha" name="mail" time="0.001"/>
  <testcase classname="Sahithi.Chowdary.Harshitha" name="mail" time="0.002"/>
  <testcase classname="Sahithi.Chowdary.Harshitha" name="mail" time="0.002"/>
  <testcase classname="Sahithi.Chowdary.Harshitha" name="mail" time="0.001"/>
  <testcase classname="Sahithi.Chowdary.Harshitha" name="mail" time="0.002"/>
  <testcase classname="Sahithi.Chowdary.Harshitha" name="mail" time="0.002"/>
  <testcase classname="Sahithi.Chowdary.Harshitha" name="mail" time="0.004"/>
  <testcase classname="Sahithi.Chowdary.Harshitha" name="mail" time="0.001"/>
  <testcase classname="Sahithi.Chowdary.Harshitha" name="mail" time="0.001"/>
  <testcase classname="Sahithi.Chowdary.Harshitha" name="mail" time="0.001"/>
  <testcase classname="Sahithi.Chowdary.Harshitha" name="mail" time="0.001"/>
  <testcase classname="Sahithi.Chowdary.Harshitha" name="mail" time="0.001"/>
  <testcase classname="Sahithi.Chowdary.Harshitha" name="mail" time="0.001"/>
  <testcase classname="Sahithi.Chowdary.Harshitha" name="mail" time="0.002"/>
  <testcase classname="Sahithi.Chowdary.Harshitha" name="mail" time="0.001"/>
  <testcase classname="Sahithi.Chowdary.Harshitha" name="mail" time="0.003"/>
  <testcase classname="Sahithi.Chowdary.Harshitha" name="mail" time="0.002"/>
  <testcase classname="Sahithi.Chowdary.Harshitha" name="mail" time="0.002"/>
  <testcase classname="Sahithi.Chowdary.Harshitha" name="mail" time="0.001"/>
  <testcase classname="Sahithi.Chowdary.Harshitha" name="mail" time="0.002"/>
  <testcase classname="Sahithi.Chowdary.Harshitha" name="mail" time="0.003"/>
  <testcase classname="Sahithi.Chowdary.Harshitha" name="mail" time="0.002"/>
  <testcase classname="Sahithi.Chowdary.Harshitha" name="mail" time="0.001"/>
  <testcase classname="Sahithi.Chowdary.Harshitha" name="mail" time="0.003"/>
  <testcase classname="Sahithi.Chowdary.Harshitha" name="mail" time="0.001"/>
  <testcase classname="Sahithi.Chowdary.Harshitha" name="mail" time="0.003"/>
  <testcase classname="Sahithi.Chowdary.Harshitha" name="mail" time="0.001"/>
  <testcase classname="Sahithi.Chowdary.Harshitha" name="mail" time="0.002"/>
  <testcase classname="Sahithi.Chowdary.Harshitha" name="mail" time="0.002"/>
  <testcase classname="Sahithi.Chowdary.Harshitha" name="mail" time="0.002"/>
  <testcase classname="Sahithi.Chowdary.Harshitha" name="mail" time="0.003"/>
  <testcase classname="Sahithi.Chowdary.Harshitha" name="mail" time="0.002"/>
  <testcase classname="Sahithi.Chowdary.Harshitha" name="mail" time="0.001"/>
  <testcase classname="Sahithi.Chowdary.Harshitha" name="mail" time="0.004"/>
  <testcase classname="Sahithi.Chowdary.Harshitha" name="mail" time="0.002"/>
  <testcase classname="Sahithi.Chowdary.Harshitha" name="mail" time="0.002"/>
  <testcase classname="Sahithi.Chowdary.Harshitha" name="mail" time="0.001"/>
  <testcase classname="Sahithi.Chowdary.Harshitha" name="mail" time="0.002"/>
  <testcase classname="Sahithi.Chowdary.Harshitha" name="mail" time="0.001"/>
  <testcase classname="Sahithi.Chowdary.Harshitha" name="mail" time="0.002"/>
  <testcase classname="Sahithi.Chowdary.Harshitha" name="mail" time="0.002"/>
  <testcase classname="Sahithi.Chowdary.Harshitha" name="mail" time="0.001"/>
  <testcase classname="Sahithi.Chowdary.Harshitha" name="mail" time="0.001"/>
  <testcase classname="Sahithi.Chowdary.Harshitha" name="mail" time="0.003"/>
  <testcase classname="Sahithi.Chowdary.Harshitha" name="mail" time="0.001"/>
  <testcase classname="Sahithi.Chowdary.Harshitha" name="mail" time="0.002"/>
  <testcase classname="Sahithi.Chowdary.Harshitha" name="mail" time="0.002"/>
  <testcase classname="Sahithi.Chowdary.Harshitha" name="mail" time="0.003"/>
  <testcase classname="Sahithi.Chowdary.Harshitha" name="mail" time="0.003"/>
  <testcase classname="Sahithi.Chowdary.Harshitha" name="mail" time="0.003"/>
  <testcase classname="Sahithi.Chowdary.Harshitha" name="mail" time="0.002"/>
  <testcase classname="Sahithi.Chowdary.Harshitha" name="mail" time="0.003"/>
  <testcase classname="Sahithi.Chowdary.Harshitha" name="mail" time="0.001"/>
  <testcase classname="Sahithi.Chowdary.Harshitha" name="mail" time="0.002"/>
  <testcase classname="Sahithi.Chowdary.Harshitha" name="mail" time="0.001"/>
  <testcase classname="Sahithi.Chowdary.Harshitha" name="mail" time="0.002"/>
  <testcase classname="Sahithi.Chowdary.Harshitha" name="mail" time="0.002"/>
  <testcase classname="Sahithi.Chowdary.Harshitha" name="mail" time="0.002"/>
  <testcase classname="Sahithi.Chowdary.Harshitha" name="mail" time="0.002"/>
  <testcase classname="Sahithi.Chowdary.Harshitha" name="mail" time="0.003"/>
  <testcase classname="Sahithi.Chowdary.Harshitha" name="mail" time="0.001"/>
  <testcase classname="Sahithi.Chowdary.Harshitha" name="mail" time="0.002"/>
  <testcase classname="Sahithi.Chowdary.Harshitha" name="mail" time="0.002"/>
  <testcase classname="Sahithi.Chowdary.Harshitha" name="mail" time="0.002"/>
  <testcase classname="Sahithi.Chowdary.Harshitha" name="mail" time="0.003"/>
  <testcase classname="Sahithi.Chowdary.Harshitha" name="mail" time="0.003"/>
  <testcase classname="Sahithi.Chowdary.Harshitha" name="mail" time="0.002"/>
  <testcase classname="Sahithi.Chowdary.Harshitha" name="mail" time="0.001"/>
  <testcase classname="Sahithi.Chowdary.Harshitha" name="mail" time="0.001"/>
  <testcase classname="Sahithi.Chowdary.Harshitha" name="mail" time="0.001"/>
  <testcase classname="Sahithi.Chowdary.Harshitha" name="mail" time="0.002"/>
  <testcase classname="Sahithi.Chowdary.Harshitha" name="mail" time="0.002"/>
  <testcase classname="Sahithi.Chowdary.Harshitha" name="mail" time="0.003"/>
  <testcase classname="Sahithi.Chowdary.Harshitha" name="mail" time="0.002"/>
  <testcase classname="Sahithi.Chowdary.Harshitha" name="mail" time="0.002"/>
  <testcase classname="Sahithi.Chowdary.Harshitha" name="mail" time="0.002"/>
  <testcase classname="Sahithi.Chowdary.Harshitha" name="mail" time="0.002"/>
  <testcase classname="Sahithi.Chowdary.Harshitha" name="mail" time="0.003"/>
  <testcase classname="Sahithi.Chowdary.Harshitha" name="mail" time="0.001"/>
  <testcase classname="Sahithi.Chowdary.Harshitha" name="mail" time="0.002"/>
  <testcase classname="Sahithi.Chowdary.Harshitha" name="mail" time="0.003"/>
  <testcase classname="Sahithi.Chowdary.Harshitha" name="mail" time="0.002"/>
  <testcase classname="Sahithi.Chowdary.Harshitha" name="mail" time="0.004"/>
  <testcase classname="Sahithi.Chowdary.Harshitha" name="mail" time="0.004"/>
  <testcase classname="Sahithi.Chowdary.Harshitha" name="mail" time="0.001"/>
  <testcase classname="Sahithi.Chowdary.Harshitha" name="mail" time="0.003"/>
  <testcase classname="Sahithi.Chowdary.Harshitha" name="mail" time="0.002"/>
  <testcase classname="Sahithi.Chowdary.Harshitha" name="mail" time="0.002"/>
  <testcase classname="Sahithi.Chowdary.Harshitha" name="mail" time="0.001"/>
  <testcase classname="Sahithi.Chowdary.Harshitha" name="mail" time="0.002"/>
  <testcase classname="Sahithi.Chowdary.Harshitha" name="mail" time="0.001"/>
  <testcase classname="Sahithi.Chowdary.Harshitha" name="mail" time="0.004"/>
  <testcase classname="Sahithi.Chowdary.Harshitha" name="mail" time="0.001"/>
  <testcase classname="Sahithi.Chowdary.Harshitha" name="mail" time="0.002"/>
  <testcase classname="Sahithi.Chowdary.Harshitha" name="mail" time="0.003"/>
  <testcase classname="Sahithi.Chowdary.Harshitha" name="mail" time="0.002"/>
</testsuite> <!-- Sahithi.Chowdary.Harshitha -->
