<?xml version="1.0" encoding="UTF-8"?>
<!-- Generated by org.testng.reporters.JUnitReportReporter -->
<testsuite hostname="HP-5CG2171WBX" failures="0" tests="3" name="Sahithi.Chowdary.ScanToNetworkFolder" time="72.975" errors="0" timestamp="2026-01-23T15:57:23 IST" skipped="0">
  <testcase classname="Sahithi.Chowdary.ScanToNetworkFolder" name="snf" time="23.986"/>
  <testcase classname="Sahithi.Chowdary.ScanToNetworkFolder" name="snf" time="24.497"/>
  <testcase classname="Sahithi.Chowdary.ScanToNetworkFolder" name="snf" time="24.492"/>
</testsuite> <!-- Sahithi.Chowdary.ScanToNetworkFolder -->
