<?xml version="1.0" encoding="UTF-8"?>
<!-- Generated by org.testng.reporters.JUnitXMLReporter -->
<testsuite ignored="0" hostname="HP-5CG2171WBX" failures="5" tests="5" name="Default test" time="1.353" errors="0" timestamp="2026-02-03T19:53:47 IST">
  <testcase classname="io.cucumber.testng.AbstractTestNGCucumberTests" name="runScenario" time="0.363">
    <failure type="io.cucumber.testng.UndefinedStepException" message="The step &amp;apos;Enter the url&amp;apos; and 9 other step(s) are undefined.
You can implement these steps using the snippet(s) below:

@Given(&amp;quot;Enter the url&amp;quot;)
public void enterTheUrl() {
    // Write code here that turns the phrase above into concrete actions
    throw new io.cucumber.java.PendingException();
}
@Given(&amp;quot;I has to ask enter click on signin option&amp;quot;)
public void iHasToAskEnterClickOnSigninOption() {
    // Write code here that turns the phrase above into concrete actions
    throw new io.cucumber.java.PendingException();
}
@Given(&amp;quot;I has to ask enter the password&amp;quot;)
public void iHasToAskEnterThePassword() {
    // Write code here that turns the phrase above into concrete actions
    throw new io.cucumber.java.PendingException();
}
@Then(&amp;quot;Login should be successfull&amp;quot;)
public void loginShouldBeSuccessfull() {
    // Write code here that turns the phrase above into concrete actions
    throw new io.cucumber.java.PendingException();
}
@When(&amp;quot;I select securityTab&amp;quot;)
public void iSelectSecurityTab() {
    // Write code here that turns the phrase above into concrete actions
    throw new io.cucumber.java.PendingException();
}
@When(&amp;quot;It has to select Accesscontrol&amp;quot;)
public void itHasToSelectAccesscontrol() {
    // Write code here that turns the phrase above into concrete actions
    throw new io.cucumber.java.PendingException();
}
@When(&amp;quot;It has to click on New&amp;quot;)
public void itHasToClickOnNew() {
    // Write code here that turns the phrase above into concrete actions
    throw new io.cucumber.java.PendingException();
}
@When(&amp;quot;It has to enter the {string}&amp;quot;)
public void itHasToEnterThe(String string) {
    // Write code here that turns the phrase above into concrete actions
    throw new io.cucumber.java.PendingException();
}
@When(&amp;quot;Send to the {string}&amp;quot;)
public void sendToThe(String string) {
    // Write code here that turns the phrase above into concrete actions
    throw new io.cucumber.java.PendingException();
}
@Then(&amp;quot;It has to click ok button&amp;quot;)
public void itHasToClickOkButton() {
    // Write code here that turns the phrase above into concrete actions
    throw new io.cucumber.java.PendingException();
}
">
      <![CDATA[io.cucumber.testng.UndefinedStepException: The step 'Enter the url' and 9 other step(s) are undefined.
You can implement these steps using the snippet(s) below:

@Given("Enter the url")
public void enterTheUrl() {
    // Write code here that turns the phrase above into concrete actions
    throw new io.cucumber.java.PendingException();
}
@Given("I has to ask enter click on signin option")
public void iHasToAskEnterClickOnSigninOption() {
    // Write code here that turns the phrase above into concrete actions
    throw new io.cucumber.java.PendingException();
}
@Given("I has to ask enter the password")
public void iHasToAskEnterThePassword() {
    // Write code here that turns the phrase above into concrete actions
    throw new io.cucumber.java.PendingException();
}
@Then("Login should be successfull")
public void loginShouldBeSuccessfull() {
    // Write code here that turns the phrase above into concrete actions
    throw new io.cucumber.java.PendingException();
}
@When("I select securityTab")
public void iSelectSecurityTab() {
    // Write code here that turns the phrase above into concrete actions
    throw new io.cucumber.java.PendingException();
}
@When("It has to select Accesscontrol")
public void itHasToSelectAccesscontrol() {
    // Write code here that turns the phrase above into concrete actions
    throw new io.cucumber.java.PendingException();
}
@When("It has to click on New")
public void itHasToClickOnNew() {
    // Write code here that turns the phrase above into concrete actions
    throw new io.cucumber.java.PendingException();
}
@When("It has to enter the {string}")
public void itHasToEnterThe(String string) {
    // Write code here that turns the phrase above into concrete actions
    throw new io.cucumber.java.PendingException();
}
@When("Send to the {string}")
public void sendToThe(String string) {
    // Write code here that turns the phrase above into concrete actions
    throw new io.cucumber.java.PendingException();
}
@Then("It has to click ok button")
public void itHasToClickOkButton() {
    // Write code here that turns the phrase above into concrete actions
    throw new io.cucumber.java.PendingException();
}

at ✽.Enter the url(file:///C:/Users/MadalaSi/Desktop/Java/webpage/src/test/java/stories/login.feature:4)
]]>
    </failure>
  </testcase> <!-- runScenario -->
  <testcase classname="io.cucumber.testng.AbstractTestNGCucumberTests" name="runScenario" time="0.043">
    <failure type="io.cucumber.testng.UndefinedStepException" message="The step &amp;apos;Enter the url&amp;apos; and 9 other step(s) are undefined.
You can implement these steps using the snippet(s) below:

@Given(&amp;quot;Enter the url&amp;quot;)
public void enterTheUrl() {
    // Write code here that turns the phrase above into concrete actions
    throw new io.cucumber.java.PendingException();
}
@Given(&amp;quot;I has to ask enter click on signin option&amp;quot;)
public void iHasToAskEnterClickOnSigninOption() {
    // Write code here that turns the phrase above into concrete actions
    throw new io.cucumber.java.PendingException();
}
@Given(&amp;quot;I has to ask enter the password&amp;quot;)
public void iHasToAskEnterThePassword() {
    // Write code here that turns the phrase above into concrete actions
    throw new io.cucumber.java.PendingException();
}
@Then(&amp;quot;Login should be successfull&amp;quot;)
public void loginShouldBeSuccessfull() {
    // Write code here that turns the phrase above into concrete actions
    throw new io.cucumber.java.PendingException();
}
@When(&amp;quot;I select securityTab&amp;quot;)
public void iSelectSecurityTab() {
    // Write code here that turns the phrase above into concrete actions
    throw new io.cucumber.java.PendingException();
}
@When(&amp;quot;It has to select Accesscontrol&amp;quot;)
public void itHasToSelectAccesscontrol() {
    // Write code here that turns the phrase above into concrete actions
    throw new io.cucumber.java.PendingException();
}
@When(&amp;quot;It has to click on New&amp;quot;)
public void itHasToClickOnNew() {
    // Write code here that turns the phrase above into concrete actions
    throw new io.cucumber.java.PendingException();
}
@When(&amp;quot;It has to enter the {string}&amp;quot;)
public void itHasToEnterThe(String string) {
    // Write code here that turns the phrase above into concrete actions
    throw new io.cucumber.java.PendingException();
}
@When(&amp;quot;Send to the {string}&amp;quot;)
public void sendToThe(String string) {
    // Write code here that turns the phrase above into concrete actions
    throw new io.cucumber.java.PendingException();
}
@Then(&amp;quot;It has to click ok button&amp;quot;)
public void itHasToClickOkButton() {
    // Write code here that turns the phrase above into concrete actions
    throw new io.cucumber.java.PendingException();
}
">
      <![CDATA[io.cucumber.testng.UndefinedStepException: The step 'Enter the url' and 9 other step(s) are undefined.
You can implement these steps using the snippet(s) below:

@Given("Enter the url")
public void enterTheUrl() {
    // Write code here that turns the phrase above into concrete actions
    throw new io.cucumber.java.PendingException();
}
@Given("I has to ask enter click on signin option")
public void iHasToAskEnterClickOnSigninOption() {
    // Write code here that turns the phrase above into concrete actions
    throw new io.cucumber.java.PendingException();
}
@Given("I has to ask enter the password")
public void iHasToAskEnterThePassword() {
    // Write code here that turns the phrase above into concrete actions
    throw new io.cucumber.java.PendingException();
}
@Then("Login should be successfull")
public void loginShouldBeSuccessfull() {
    // Write code here that turns the phrase above into concrete actions
    throw new io.cucumber.java.PendingException();
}
@When("I select securityTab")
public void iSelectSecurityTab() {
    // Write code here that turns the phrase above into concrete actions
    throw new io.cucumber.java.PendingException();
}
@When("It has to select Accesscontrol")
public void itHasToSelectAccesscontrol() {
    // Write code here that turns the phrase above into concrete actions
    throw new io.cucumber.java.PendingException();
}
@When("It has to click on New")
public void itHasToClickOnNew() {
    // Write code here that turns the phrase above into concrete actions
    throw new io.cucumber.java.PendingException();
}
@When("It has to enter the {string}")
public void itHasToEnterThe(String string) {
    // Write code here that turns the phrase above into concrete actions
    throw new io.cucumber.java.PendingException();
}
@When("Send to the {string}")
public void sendToThe(String string) {
    // Write code here that turns the phrase above into concrete actions
    throw new io.cucumber.java.PendingException();
}
@Then("It has to click ok button")
public void itHasToClickOkButton() {
    // Write code here that turns the phrase above into concrete actions
    throw new io.cucumber.java.PendingException();
}

at ✽.Enter the url(file:///C:/Users/MadalaSi/Desktop/Java/webpage/src/test/java/stories/login.feature:4)
]]>
    </failure>
  </testcase> <!-- runScenario -->
  <testcase classname="io.cucumber.testng.AbstractTestNGCucumberTests" name="runScenario" time="0.031">
    <failure type="io.cucumber.testng.UndefinedStepException" message="The step &amp;apos;Enter the url&amp;apos; and 9 other step(s) are undefined.
You can implement these steps using the snippet(s) below:

@Given(&amp;quot;Enter the url&amp;quot;)
public void enterTheUrl() {
    // Write code here that turns the phrase above into concrete actions
    throw new io.cucumber.java.PendingException();
}
@Given(&amp;quot;I has to ask enter click on signin option&amp;quot;)
public void iHasToAskEnterClickOnSigninOption() {
    // Write code here that turns the phrase above into concrete actions
    throw new io.cucumber.java.PendingException();
}
@Given(&amp;quot;I has to ask enter the password&amp;quot;)
public void iHasToAskEnterThePassword() {
    // Write code here that turns the phrase above into concrete actions
    throw new io.cucumber.java.PendingException();
}
@Then(&amp;quot;Login should be successfull&amp;quot;)
public void loginShouldBeSuccessfull() {
    // Write code here that turns the phrase above into concrete actions
    throw new io.cucumber.java.PendingException();
}
@When(&amp;quot;I select securityTab&amp;quot;)
public void iSelectSecurityTab() {
    // Write code here that turns the phrase above into concrete actions
    throw new io.cucumber.java.PendingException();
}
@When(&amp;quot;It has to select Accesscontrol&amp;quot;)
public void itHasToSelectAccesscontrol() {
    // Write code here that turns the phrase above into concrete actions
    throw new io.cucumber.java.PendingException();
}
@When(&amp;quot;It has to click on New&amp;quot;)
public void itHasToClickOnNew() {
    // Write code here that turns the phrase above into concrete actions
    throw new io.cucumber.java.PendingException();
}
@When(&amp;quot;It has to enter the {string}&amp;quot;)
public void itHasToEnterThe(String string) {
    // Write code here that turns the phrase above into concrete actions
    throw new io.cucumber.java.PendingException();
}
@When(&amp;quot;Send to the {string}&amp;quot;)
public void sendToThe(String string) {
    // Write code here that turns the phrase above into concrete actions
    throw new io.cucumber.java.PendingException();
}
@Then(&amp;quot;It has to click ok button&amp;quot;)
public void itHasToClickOkButton() {
    // Write code here that turns the phrase above into concrete actions
    throw new io.cucumber.java.PendingException();
}
">
      <![CDATA[io.cucumber.testng.UndefinedStepException: The step 'Enter the url' and 9 other step(s) are undefined.
You can implement these steps using the snippet(s) below:

@Given("Enter the url")
public void enterTheUrl() {
    // Write code here that turns the phrase above into concrete actions
    throw new io.cucumber.java.PendingException();
}
@Given("I has to ask enter click on signin option")
public void iHasToAskEnterClickOnSigninOption() {
    // Write code here that turns the phrase above into concrete actions
    throw new io.cucumber.java.PendingException();
}
@Given("I has to ask enter the password")
public void iHasToAskEnterThePassword() {
    // Write code here that turns the phrase above into concrete actions
    throw new io.cucumber.java.PendingException();
}
@Then("Login should be successfull")
public void loginShouldBeSuccessfull() {
    // Write code here that turns the phrase above into concrete actions
    throw new io.cucumber.java.PendingException();
}
@When("I select securityTab")
public void iSelectSecurityTab() {
    // Write code here that turns the phrase above into concrete actions
    throw new io.cucumber.java.PendingException();
}
@When("It has to select Accesscontrol")
public void itHasToSelectAccesscontrol() {
    // Write code here that turns the phrase above into concrete actions
    throw new io.cucumber.java.PendingException();
}
@When("It has to click on New")
public void itHasToClickOnNew() {
    // Write code here that turns the phrase above into concrete actions
    throw new io.cucumber.java.PendingException();
}
@When("It has to enter the {string}")
public void itHasToEnterThe(String string) {
    // Write code here that turns the phrase above into concrete actions
    throw new io.cucumber.java.PendingException();
}
@When("Send to the {string}")
public void sendToThe(String string) {
    // Write code here that turns the phrase above into concrete actions
    throw new io.cucumber.java.PendingException();
}
@Then("It has to click ok button")
public void itHasToClickOkButton() {
    // Write code here that turns the phrase above into concrete actions
    throw new io.cucumber.java.PendingException();
}

at ✽.Enter the url(file:///C:/Users/MadalaSi/Desktop/Java/webpage/src/test/java/stories/login.feature:4)
]]>
    </failure>
  </testcase> <!-- runScenario -->
  <testcase classname="io.cucumber.testng.AbstractTestNGCucumberTests" name="runScenario" time="0.02">
    <failure type="io.cucumber.testng.UndefinedStepException" message="The step &amp;apos;Enter the url&amp;apos; and 9 other step(s) are undefined.
You can implement these steps using the snippet(s) below:

@Given(&amp;quot;Enter the url&amp;quot;)
public void enterTheUrl() {
    // Write code here that turns the phrase above into concrete actions
    throw new io.cucumber.java.PendingException();
}
@Given(&amp;quot;I has to ask enter click on signin option&amp;quot;)
public void iHasToAskEnterClickOnSigninOption() {
    // Write code here that turns the phrase above into concrete actions
    throw new io.cucumber.java.PendingException();
}
@Given(&amp;quot;I has to ask enter the password&amp;quot;)
public void iHasToAskEnterThePassword() {
    // Write code here that turns the phrase above into concrete actions
    throw new io.cucumber.java.PendingException();
}
@Then(&amp;quot;Login should be successfull&amp;quot;)
public void loginShouldBeSuccessfull() {
    // Write code here that turns the phrase above into concrete actions
    throw new io.cucumber.java.PendingException();
}
@When(&amp;quot;I select securityTab&amp;quot;)
public void iSelectSecurityTab() {
    // Write code here that turns the phrase above into concrete actions
    throw new io.cucumber.java.PendingException();
}
@When(&amp;quot;It has to select Accesscontrol&amp;quot;)
public void itHasToSelectAccesscontrol() {
    // Write code here that turns the phrase above into concrete actions
    throw new io.cucumber.java.PendingException();
}
@When(&amp;quot;It has to click on New&amp;quot;)
public void itHasToClickOnNew() {
    // Write code here that turns the phrase above into concrete actions
    throw new io.cucumber.java.PendingException();
}
@When(&amp;quot;It has to enter the {string}&amp;quot;)
public void itHasToEnterThe(String string) {
    // Write code here that turns the phrase above into concrete actions
    throw new io.cucumber.java.PendingException();
}
@When(&amp;quot;Send to the {string}&amp;quot;)
public void sendToThe(String string) {
    // Write code here that turns the phrase above into concrete actions
    throw new io.cucumber.java.PendingException();
}
@Then(&amp;quot;It has to click ok button&amp;quot;)
public void itHasToClickOkButton() {
    // Write code here that turns the phrase above into concrete actions
    throw new io.cucumber.java.PendingException();
}
">
      <![CDATA[io.cucumber.testng.UndefinedStepException: The step 'Enter the url' and 9 other step(s) are undefined.
You can implement these steps using the snippet(s) below:

@Given("Enter the url")
public void enterTheUrl() {
    // Write code here that turns the phrase above into concrete actions
    throw new io.cucumber.java.PendingException();
}
@Given("I has to ask enter click on signin option")
public void iHasToAskEnterClickOnSigninOption() {
    // Write code here that turns the phrase above into concrete actions
    throw new io.cucumber.java.PendingException();
}
@Given("I has to ask enter the password")
public void iHasToAskEnterThePassword() {
    // Write code here that turns the phrase above into concrete actions
    throw new io.cucumber.java.PendingException();
}
@Then("Login should be successfull")
public void loginShouldBeSuccessfull() {
    // Write code here that turns the phrase above into concrete actions
    throw new io.cucumber.java.PendingException();
}
@When("I select securityTab")
public void iSelectSecurityTab() {
    // Write code here that turns the phrase above into concrete actions
    throw new io.cucumber.java.PendingException();
}
@When("It has to select Accesscontrol")
public void itHasToSelectAccesscontrol() {
    // Write code here that turns the phrase above into concrete actions
    throw new io.cucumber.java.PendingException();
}
@When("It has to click on New")
public void itHasToClickOnNew() {
    // Write code here that turns the phrase above into concrete actions
    throw new io.cucumber.java.PendingException();
}
@When("It has to enter the {string}")
public void itHasToEnterThe(String string) {
    // Write code here that turns the phrase above into concrete actions
    throw new io.cucumber.java.PendingException();
}
@When("Send to the {string}")
public void sendToThe(String string) {
    // Write code here that turns the phrase above into concrete actions
    throw new io.cucumber.java.PendingException();
}
@Then("It has to click ok button")
public void itHasToClickOkButton() {
    // Write code here that turns the phrase above into concrete actions
    throw new io.cucumber.java.PendingException();
}

at ✽.Enter the url(file:///C:/Users/MadalaSi/Desktop/Java/webpage/src/test/java/stories/login.feature:4)
]]>
    </failure>
  </testcase> <!-- runScenario -->
  <testcase classname="io.cucumber.testng.AbstractTestNGCucumberTests" name="runScenario" time="0.028">
    <failure type="io.cucumber.testng.UndefinedStepException" message="The step &amp;apos;Enter the url&amp;apos; and 9 other step(s) are undefined.
You can implement these steps using the snippet(s) below:

@Given(&amp;quot;Enter the url&amp;quot;)
public void enterTheUrl() {
    // Write code here that turns the phrase above into concrete actions
    throw new io.cucumber.java.PendingException();
}
@Given(&amp;quot;I has to ask enter click on signin option&amp;quot;)
public void iHasToAskEnterClickOnSigninOption() {
    // Write code here that turns the phrase above into concrete actions
    throw new io.cucumber.java.PendingException();
}
@Given(&amp;quot;I has to ask enter the password&amp;quot;)
public void iHasToAskEnterThePassword() {
    // Write code here that turns the phrase above into concrete actions
    throw new io.cucumber.java.PendingException();
}
@Then(&amp;quot;Login should be successfull&amp;quot;)
public void loginShouldBeSuccessfull() {
    // Write code here that turns the phrase above into concrete actions
    throw new io.cucumber.java.PendingException();
}
@When(&amp;quot;I select securityTab&amp;quot;)
public void iSelectSecurityTab() {
    // Write code here that turns the phrase above into concrete actions
    throw new io.cucumber.java.PendingException();
}
@When(&amp;quot;It has to select Accesscontrol&amp;quot;)
public void itHasToSelectAccesscontrol() {
    // Write code here that turns the phrase above into concrete actions
    throw new io.cucumber.java.PendingException();
}
@When(&amp;quot;It has to click on New&amp;quot;)
public void itHasToClickOnNew() {
    // Write code here that turns the phrase above into concrete actions
    throw new io.cucumber.java.PendingException();
}
@When(&amp;quot;It has to enter the {string}&amp;quot;)
public void itHasToEnterThe(String string) {
    // Write code here that turns the phrase above into concrete actions
    throw new io.cucumber.java.PendingException();
}
@When(&amp;quot;Send to the {string}&amp;quot;)
public void sendToThe(String string) {
    // Write code here that turns the phrase above into concrete actions
    throw new io.cucumber.java.PendingException();
}
@Then(&amp;quot;It has to click ok button&amp;quot;)
public void itHasToClickOkButton() {
    // Write code here that turns the phrase above into concrete actions
    throw new io.cucumber.java.PendingException();
}
">
      <![CDATA[io.cucumber.testng.UndefinedStepException: The step 'Enter the url' and 9 other step(s) are undefined.
You can implement these steps using the snippet(s) below:

@Given("Enter the url")
public void enterTheUrl() {
    // Write code here that turns the phrase above into concrete actions
    throw new io.cucumber.java.PendingException();
}
@Given("I has to ask enter click on signin option")
public void iHasToAskEnterClickOnSigninOption() {
    // Write code here that turns the phrase above into concrete actions
    throw new io.cucumber.java.PendingException();
}
@Given("I has to ask enter the password")
public void iHasToAskEnterThePassword() {
    // Write code here that turns the phrase above into concrete actions
    throw new io.cucumber.java.PendingException();
}
@Then("Login should be successfull")
public void loginShouldBeSuccessfull() {
    // Write code here that turns the phrase above into concrete actions
    throw new io.cucumber.java.PendingException();
}
@When("I select securityTab")
public void iSelectSecurityTab() {
    // Write code here that turns the phrase above into concrete actions
    throw new io.cucumber.java.PendingException();
}
@When("It has to select Accesscontrol")
public void itHasToSelectAccesscontrol() {
    // Write code here that turns the phrase above into concrete actions
    throw new io.cucumber.java.PendingException();
}
@When("It has to click on New")
public void itHasToClickOnNew() {
    // Write code here that turns the phrase above into concrete actions
    throw new io.cucumber.java.PendingException();
}
@When("It has to enter the {string}")
public void itHasToEnterThe(String string) {
    // Write code here that turns the phrase above into concrete actions
    throw new io.cucumber.java.PendingException();
}
@When("Send to the {string}")
public void sendToThe(String string) {
    // Write code here that turns the phrase above into concrete actions
    throw new io.cucumber.java.PendingException();
}
@Then("It has to click ok button")
public void itHasToClickOkButton() {
    // Write code here that turns the phrase above into concrete actions
    throw new io.cucumber.java.PendingException();
}

at ✽.Enter the url(file:///C:/Users/MadalaSi/Desktop/Java/webpage/src/test/java/stories/login.feature:4)
]]>
    </failure>
  </testcase> <!-- runScenario -->
</testsuite> <!-- Default test -->
