<?xml version="1.0" encoding="UTF-8"?>
<!-- Generated by org.testng.reporters.JUnitReportReporter -->
<testsuite hostname="HP-5CG2171WBX" failures="0" tests="5" name="testrunner.Runner" time="0.485" errors="5" timestamp="2026-02-03T19:53:48 IST" skipped="0">
  <testcase classname="testrunner.Runner" name="runScenario" time="0.031">
    <error message="The step &#039;Enter the url&#039; and 9 other step(s) are undefined.
You can implement these steps using the snippet(s) below:

@Given(&quot;Enter the url&quot;)
public void enterTheUrl() {
    // Write code here that turns the phrase above into concrete actions
    throw new io.cucumber.java.PendingException();
}
@Given(&quot;I has to ask enter click on signin option&quot;)
public void iHasToAskEnterClickOnSigninOption() {
    // Write code here that turns the phrase above into concrete actions
    throw new io.cucumber.java.PendingException();
}
@Given(&quot;I has to ask enter the password&quot;)
public void iHasToAskEnterThePassword() {
    // Write code here that turns the phrase above into concrete actions
    throw new io.cucumber.java.PendingException();
}
@Then(&quot;Login should be successfull&quot;)
public void loginShouldBeSuccessfull() {
    // Write code here that turns the phrase above into concrete actions
    throw new io.cucumber.java.PendingException();
}
@When(&quot;I select securityTab&quot;)
public void iSelectSecurityTab() {
    // Write code here that turns the phrase above into concrete actions
    throw new io.cucumber.java.PendingException();
}
@When(&quot;It has to select Accesscontrol&quot;)
public void itHasToSelectAccesscontrol() {
    // Write code here that turns the phrase above into concrete actions
    throw new io.cucumber.java.PendingException();
}
@When(&quot;It has to click on New&quot;)
public void itHasToClickOnNew() {
    // Write code here that turns the phrase above into concrete actions
    throw new io.cucumber.java.PendingException();
}
@When(&quot;It has to enter the {string}&quot;)
public void itHasToEnterThe(String string) {
    // Write code here that turns the phrase above into concrete actions
    throw new io.cucumber.java.PendingException();
}
@When(&quot;Send to the {string}&quot;)
public void sendToThe(String string) {
    // Write code here that turns the phrase above into concrete actions
    throw new io.cucumber.java.PendingException();
}
@Then(&quot;It has to click ok button&quot;)
public void itHasToClickOkButton() {
    // Write code here that turns the phrase above into concrete actions
    throw new io.cucumber.java.PendingException();
}
" type="io.cucumber.testng.UndefinedStepException">
      <![CDATA[io.cucumber.testng.UndefinedStepException: The step 'Enter the url' and 9 other step(s) are undefined.
You can implement these steps using the snippet(s) below:

@Given("Enter the url")
public void enterTheUrl() {
    // Write code here that turns the phrase above into concrete actions
    throw new io.cucumber.java.PendingException();
}
@Given("I has to ask enter click on signin option")
public void iHasToAskEnterClickOnSigninOption() {
    // Write code here that turns the phrase above into concrete actions
    throw new io.cucumber.java.PendingException();
}
@Given("I has to ask enter the password")
public void iHasToAskEnterThePassword() {
    // Write code here that turns the phrase above into concrete actions
    throw new io.cucumber.java.PendingException();
}
@Then("Login should be successfull")
public void loginShouldBeSuccessfull() {
    // Write code here that turns the phrase above into concrete actions
    throw new io.cucumber.java.PendingException();
}
@When("I select securityTab")
public void iSelectSecurityTab() {
    // Write code here that turns the phrase above into concrete actions
    throw new io.cucumber.java.PendingException();
}
@When("It has to select Accesscontrol")
public void itHasToSelectAccesscontrol() {
    // Write code here that turns the phrase above into concrete actions
    throw new io.cucumber.java.PendingException();
}
@When("It has to click on New")
public void itHasToClickOnNew() {
    // Write code here that turns the phrase above into concrete actions
    throw new io.cucumber.java.PendingException();
}
@When("It has to enter the {string}")
public void itHasToEnterThe(String string) {
    // Write code here that turns the phrase above into concrete actions
    throw new io.cucumber.java.PendingException();
}
@When("Send to the {string}")
public void sendToThe(String string) {
    // Write code here that turns the phrase above into concrete actions
    throw new io.cucumber.java.PendingException();
}
@Then("It has to click ok button")
public void itHasToClickOkButton() {
    // Write code here that turns the phrase above into concrete actions
    throw new io.cucumber.java.PendingException();
}

at ✽.Enter the url(file:///C:/Users/MadalaSi/Desktop/Java/webpage/src/test/java/stories/login.feature:4)
]]>
    </error>
  </testcase> <!-- runScenario -->
  <testcase classname="testrunner.Runner" name="runScenario" time="0.363">
    <error message="The step &#039;Enter the url&#039; and 9 other step(s) are undefined.
You can implement these steps using the snippet(s) below:

@Given(&quot;Enter the url&quot;)
public void enterTheUrl() {
    // Write code here that turns the phrase above into concrete actions
    throw new io.cucumber.java.PendingException();
}
@Given(&quot;I has to ask enter click on signin option&quot;)
public void iHasToAskEnterClickOnSigninOption() {
    // Write code here that turns the phrase above into concrete actions
    throw new io.cucumber.java.PendingException();
}
@Given(&quot;I has to ask enter the password&quot;)
public void iHasToAskEnterThePassword() {
    // Write code here that turns the phrase above into concrete actions
    throw new io.cucumber.java.PendingException();
}
@Then(&quot;Login should be successfull&quot;)
public void loginShouldBeSuccessfull() {
    // Write code here that turns the phrase above into concrete actions
    throw new io.cucumber.java.PendingException();
}
@When(&quot;I select securityTab&quot;)
public void iSelectSecurityTab() {
    // Write code here that turns the phrase above into concrete actions
    throw new io.cucumber.java.PendingException();
}
@When(&quot;It has to select Accesscontrol&quot;)
public void itHasToSelectAccesscontrol() {
    // Write code here that turns the phrase above into concrete actions
    throw new io.cucumber.java.PendingException();
}
@When(&quot;It has to click on New&quot;)
public void itHasToClickOnNew() {
    // Write code here that turns the phrase above into concrete actions
    throw new io.cucumber.java.PendingException();
}
@When(&quot;It has to enter the {string}&quot;)
public void itHasToEnterThe(String string) {
    // Write code here that turns the phrase above into concrete actions
    throw new io.cucumber.java.PendingException();
}
@When(&quot;Send to the {string}&quot;)
public void sendToThe(String string) {
    // Write code here that turns the phrase above into concrete actions
    throw new io.cucumber.java.PendingException();
}
@Then(&quot;It has to click ok button&quot;)
public void itHasToClickOkButton() {
    // Write code here that turns the phrase above into concrete actions
    throw new io.cucumber.java.PendingException();
}
" type="io.cucumber.testng.UndefinedStepException">
      <![CDATA[io.cucumber.testng.UndefinedStepException: The step 'Enter the url' and 9 other step(s) are undefined.
You can implement these steps using the snippet(s) below:

@Given("Enter the url")
public void enterTheUrl() {
    // Write code here that turns the phrase above into concrete actions
    throw new io.cucumber.java.PendingException();
}
@Given("I has to ask enter click on signin option")
public void iHasToAskEnterClickOnSigninOption() {
    // Write code here that turns the phrase above into concrete actions
    throw new io.cucumber.java.PendingException();
}
@Given("I has to ask enter the password")
public void iHasToAskEnterThePassword() {
    // Write code here that turns the phrase above into concrete actions
    throw new io.cucumber.java.PendingException();
}
@Then("Login should be successfull")
public void loginShouldBeSuccessfull() {
    // Write code here that turns the phrase above into concrete actions
    throw new io.cucumber.java.PendingException();
}
@When("I select securityTab")
public void iSelectSecurityTab() {
    // Write code here that turns the phrase above into concrete actions
    throw new io.cucumber.java.PendingException();
}
@When("It has to select Accesscontrol")
public void itHasToSelectAccesscontrol() {
    // Write code here that turns the phrase above into concrete actions
    throw new io.cucumber.java.PendingException();
}
@When("It has to click on New")
public void itHasToClickOnNew() {
    // Write code here that turns the phrase above into concrete actions
    throw new io.cucumber.java.PendingException();
}
@When("It has to enter the {string}")
public void itHasToEnterThe(String string) {
    // Write code here that turns the phrase above into concrete actions
    throw new io.cucumber.java.PendingException();
}
@When("Send to the {string}")
public void sendToThe(String string) {
    // Write code here that turns the phrase above into concrete actions
    throw new io.cucumber.java.PendingException();
}
@Then("It has to click ok button")
public void itHasToClickOkButton() {
    // Write code here that turns the phrase above into concrete actions
    throw new io.cucumber.java.PendingException();
}

at ✽.Enter the url(file:///C:/Users/MadalaSi/Desktop/Java/webpage/src/test/java/stories/login.feature:4)
]]>
    </error>
  </testcase> <!-- runScenario -->
  <testcase classname="testrunner.Runner" name="runScenario" time="0.028">
    <error message="The step &#039;Enter the url&#039; and 9 other step(s) are undefined.
You can implement these steps using the snippet(s) below:

@Given(&quot;Enter the url&quot;)
public void enterTheUrl() {
    // Write code here that turns the phrase above into concrete actions
    throw new io.cucumber.java.PendingException();
}
@Given(&quot;I has to ask enter click on signin option&quot;)
public void iHasToAskEnterClickOnSigninOption() {
    // Write code here that turns the phrase above into concrete actions
    throw new io.cucumber.java.PendingException();
}
@Given(&quot;I has to ask enter the password&quot;)
public void iHasToAskEnterThePassword() {
    // Write code here that turns the phrase above into concrete actions
    throw new io.cucumber.java.PendingException();
}
@Then(&quot;Login should be successfull&quot;)
public void loginShouldBeSuccessfull() {
    // Write code here that turns the phrase above into concrete actions
    throw new io.cucumber.java.PendingException();
}
@When(&quot;I select securityTab&quot;)
public void iSelectSecurityTab() {
    // Write code here that turns the phrase above into concrete actions
    throw new io.cucumber.java.PendingException();
}
@When(&quot;It has to select Accesscontrol&quot;)
public void itHasToSelectAccesscontrol() {
    // Write code here that turns the phrase above into concrete actions
    throw new io.cucumber.java.PendingException();
}
@When(&quot;It has to click on New&quot;)
public void itHasToClickOnNew() {
    // Write code here that turns the phrase above into concrete actions
    throw new io.cucumber.java.PendingException();
}
@When(&quot;It has to enter the {string}&quot;)
public void itHasToEnterThe(String string) {
    // Write code here that turns the phrase above into concrete actions
    throw new io.cucumber.java.PendingException();
}
@When(&quot;Send to the {string}&quot;)
public void sendToThe(String string) {
    // Write code here that turns the phrase above into concrete actions
    throw new io.cucumber.java.PendingException();
}
@Then(&quot;It has to click ok button&quot;)
public void itHasToClickOkButton() {
    // Write code here that turns the phrase above into concrete actions
    throw new io.cucumber.java.PendingException();
}
" type="io.cucumber.testng.UndefinedStepException">
      <![CDATA[io.cucumber.testng.UndefinedStepException: The step 'Enter the url' and 9 other step(s) are undefined.
You can implement these steps using the snippet(s) below:

@Given("Enter the url")
public void enterTheUrl() {
    // Write code here that turns the phrase above into concrete actions
    throw new io.cucumber.java.PendingException();
}
@Given("I has to ask enter click on signin option")
public void iHasToAskEnterClickOnSigninOption() {
    // Write code here that turns the phrase above into concrete actions
    throw new io.cucumber.java.PendingException();
}
@Given("I has to ask enter the password")
public void iHasToAskEnterThePassword() {
    // Write code here that turns the phrase above into concrete actions
    throw new io.cucumber.java.PendingException();
}
@Then("Login should be successfull")
public void loginShouldBeSuccessfull() {
    // Write code here that turns the phrase above into concrete actions
    throw new io.cucumber.java.PendingException();
}
@When("I select securityTab")
public void iSelectSecurityTab() {
    // Write code here that turns the phrase above into concrete actions
    throw new io.cucumber.java.PendingException();
}
@When("It has to select Accesscontrol")
public void itHasToSelectAccesscontrol() {
    // Write code here that turns the phrase above into concrete actions
    throw new io.cucumber.java.PendingException();
}
@When("It has to click on New")
public void itHasToClickOnNew() {
    // Write code here that turns the phrase above into concrete actions
    throw new io.cucumber.java.PendingException();
}
@When("It has to enter the {string}")
public void itHasToEnterThe(String string) {
    // Write code here that turns the phrase above into concrete actions
    throw new io.cucumber.java.PendingException();
}
@When("Send to the {string}")
public void sendToThe(String string) {
    // Write code here that turns the phrase above into concrete actions
    throw new io.cucumber.java.PendingException();
}
@Then("It has to click ok button")
public void itHasToClickOkButton() {
    // Write code here that turns the phrase above into concrete actions
    throw new io.cucumber.java.PendingException();
}

at ✽.Enter the url(file:///C:/Users/MadalaSi/Desktop/Java/webpage/src/test/java/stories/login.feature:4)
]]>
    </error>
  </testcase> <!-- runScenario -->
  <testcase classname="testrunner.Runner" name="runScenario" time="0.043">
    <error message="The step &#039;Enter the url&#039; and 9 other step(s) are undefined.
You can implement these steps using the snippet(s) below:

@Given(&quot;Enter the url&quot;)
public void enterTheUrl() {
    // Write code here that turns the phrase above into concrete actions
    throw new io.cucumber.java.PendingException();
}
@Given(&quot;I has to ask enter click on signin option&quot;)
public void iHasToAskEnterClickOnSigninOption() {
    // Write code here that turns the phrase above into concrete actions
    throw new io.cucumber.java.PendingException();
}
@Given(&quot;I has to ask enter the password&quot;)
public void iHasToAskEnterThePassword() {
    // Write code here that turns the phrase above into concrete actions
    throw new io.cucumber.java.PendingException();
}
@Then(&quot;Login should be successfull&quot;)
public void loginShouldBeSuccessfull() {
    // Write code here that turns the phrase above into concrete actions
    throw new io.cucumber.java.PendingException();
}
@When(&quot;I select securityTab&quot;)
public void iSelectSecurityTab() {
    // Write code here that turns the phrase above into concrete actions
    throw new io.cucumber.java.PendingException();
}
@When(&quot;It has to select Accesscontrol&quot;)
public void itHasToSelectAccesscontrol() {
    // Write code here that turns the phrase above into concrete actions
    throw new io.cucumber.java.PendingException();
}
@When(&quot;It has to click on New&quot;)
public void itHasToClickOnNew() {
    // Write code here that turns the phrase above into concrete actions
    throw new io.cucumber.java.PendingException();
}
@When(&quot;It has to enter the {string}&quot;)
public void itHasToEnterThe(String string) {
    // Write code here that turns the phrase above into concrete actions
    throw new io.cucumber.java.PendingException();
}
@When(&quot;Send to the {string}&quot;)
public void sendToThe(String string) {
    // Write code here that turns the phrase above into concrete actions
    throw new io.cucumber.java.PendingException();
}
@Then(&quot;It has to click ok button&quot;)
public void itHasToClickOkButton() {
    // Write code here that turns the phrase above into concrete actions
    throw new io.cucumber.java.PendingException();
}
" type="io.cucumber.testng.UndefinedStepException">
      <![CDATA[io.cucumber.testng.UndefinedStepException: The step 'Enter the url' and 9 other step(s) are undefined.
You can implement these steps using the snippet(s) below:

@Given("Enter the url")
public void enterTheUrl() {
    // Write code here that turns the phrase above into concrete actions
    throw new io.cucumber.java.PendingException();
}
@Given("I has to ask enter click on signin option")
public void iHasToAskEnterClickOnSigninOption() {
    // Write code here that turns the phrase above into concrete actions
    throw new io.cucumber.java.PendingException();
}
@Given("I has to ask enter the password")
public void iHasToAskEnterThePassword() {
    // Write code here that turns the phrase above into concrete actions
    throw new io.cucumber.java.PendingException();
}
@Then("Login should be successfull")
public void loginShouldBeSuccessfull() {
    // Write code here that turns the phrase above into concrete actions
    throw new io.cucumber.java.PendingException();
}
@When("I select securityTab")
public void iSelectSecurityTab() {
    // Write code here that turns the phrase above into concrete actions
    throw new io.cucumber.java.PendingException();
}
@When("It has to select Accesscontrol")
public void itHasToSelectAccesscontrol() {
    // Write code here that turns the phrase above into concrete actions
    throw new io.cucumber.java.PendingException();
}
@When("It has to click on New")
public void itHasToClickOnNew() {
    // Write code here that turns the phrase above into concrete actions
    throw new io.cucumber.java.PendingException();
}
@When("It has to enter the {string}")
public void itHasToEnterThe(String string) {
    // Write code here that turns the phrase above into concrete actions
    throw new io.cucumber.java.PendingException();
}
@When("Send to the {string}")
public void sendToThe(String string) {
    // Write code here that turns the phrase above into concrete actions
    throw new io.cucumber.java.PendingException();
}
@Then("It has to click ok button")
public void itHasToClickOkButton() {
    // Write code here that turns the phrase above into concrete actions
    throw new io.cucumber.java.PendingException();
}

at ✽.Enter the url(file:///C:/Users/MadalaSi/Desktop/Java/webpage/src/test/java/stories/login.feature:4)
]]>
    </error>
  </testcase> <!-- runScenario -->
  <testcase classname="testrunner.Runner" name="runScenario" time="0.020">
    <error message="The step &#039;Enter the url&#039; and 9 other step(s) are undefined.
You can implement these steps using the snippet(s) below:

@Given(&quot;Enter the url&quot;)
public void enterTheUrl() {
    // Write code here that turns the phrase above into concrete actions
    throw new io.cucumber.java.PendingException();
}
@Given(&quot;I has to ask enter click on signin option&quot;)
public void iHasToAskEnterClickOnSigninOption() {
    // Write code here that turns the phrase above into concrete actions
    throw new io.cucumber.java.PendingException();
}
@Given(&quot;I has to ask enter the password&quot;)
public void iHasToAskEnterThePassword() {
    // Write code here that turns the phrase above into concrete actions
    throw new io.cucumber.java.PendingException();
}
@Then(&quot;Login should be successfull&quot;)
public void loginShouldBeSuccessfull() {
    // Write code here that turns the phrase above into concrete actions
    throw new io.cucumber.java.PendingException();
}
@When(&quot;I select securityTab&quot;)
public void iSelectSecurityTab() {
    // Write code here that turns the phrase above into concrete actions
    throw new io.cucumber.java.PendingException();
}
@When(&quot;It has to select Accesscontrol&quot;)
public void itHasToSelectAccesscontrol() {
    // Write code here that turns the phrase above into concrete actions
    throw new io.cucumber.java.PendingException();
}
@When(&quot;It has to click on New&quot;)
public void itHasToClickOnNew() {
    // Write code here that turns the phrase above into concrete actions
    throw new io.cucumber.java.PendingException();
}
@When(&quot;It has to enter the {string}&quot;)
public void itHasToEnterThe(String string) {
    // Write code here that turns the phrase above into concrete actions
    throw new io.cucumber.java.PendingException();
}
@When(&quot;Send to the {string}&quot;)
public void sendToThe(String string) {
    // Write code here that turns the phrase above into concrete actions
    throw new io.cucumber.java.PendingException();
}
@Then(&quot;It has to click ok button&quot;)
public void itHasToClickOkButton() {
    // Write code here that turns the phrase above into concrete actions
    throw new io.cucumber.java.PendingException();
}
" type="io.cucumber.testng.UndefinedStepException">
      <![CDATA[io.cucumber.testng.UndefinedStepException: The step 'Enter the url' and 9 other step(s) are undefined.
You can implement these steps using the snippet(s) below:

@Given("Enter the url")
public void enterTheUrl() {
    // Write code here that turns the phrase above into concrete actions
    throw new io.cucumber.java.PendingException();
}
@Given("I has to ask enter click on signin option")
public void iHasToAskEnterClickOnSigninOption() {
    // Write code here that turns the phrase above into concrete actions
    throw new io.cucumber.java.PendingException();
}
@Given("I has to ask enter the password")
public void iHasToAskEnterThePassword() {
    // Write code here that turns the phrase above into concrete actions
    throw new io.cucumber.java.PendingException();
}
@Then("Login should be successfull")
public void loginShouldBeSuccessfull() {
    // Write code here that turns the phrase above into concrete actions
    throw new io.cucumber.java.PendingException();
}
@When("I select securityTab")
public void iSelectSecurityTab() {
    // Write code here that turns the phrase above into concrete actions
    throw new io.cucumber.java.PendingException();
}
@When("It has to select Accesscontrol")
public void itHasToSelectAccesscontrol() {
    // Write code here that turns the phrase above into concrete actions
    throw new io.cucumber.java.PendingException();
}
@When("It has to click on New")
public void itHasToClickOnNew() {
    // Write code here that turns the phrase above into concrete actions
    throw new io.cucumber.java.PendingException();
}
@When("It has to enter the {string}")
public void itHasToEnterThe(String string) {
    // Write code here that turns the phrase above into concrete actions
    throw new io.cucumber.java.PendingException();
}
@When("Send to the {string}")
public void sendToThe(String string) {
    // Write code here that turns the phrase above into concrete actions
    throw new io.cucumber.java.PendingException();
}
@Then("It has to click ok button")
public void itHasToClickOkButton() {
    // Write code here that turns the phrase above into concrete actions
    throw new io.cucumber.java.PendingException();
}

at ✽.Enter the url(file:///C:/Users/MadalaSi/Desktop/Java/webpage/src/test/java/stories/login.feature:4)
]]>
    </error>
  </testcase> <!-- runScenario -->
</testsuite> <!-- testrunner.Runner -->
