<?xml version="1.0" encoding="UTF-8"?>
<testng-results ignored="0" total="1" passed="1" failed="0" skipped="0">
  <reporter-output>
  </reporter-output>
  <suite started-at="2026-03-23T22:45:49 IST" name="Default suite" finished-at="2026-03-23T22:46:16 IST" duration-ms="27344">
    <groups>
    </groups>
    <test started-at="2026-03-23T22:45:49 IST" name="Default test" finished-at="2026-03-23T22:46:16 IST" duration-ms="27344">
      <class name="Sahithi.Chowdary.Youtube">
        <test-method signature="youtube()[pri:0, instance:Sahithi.Chowdary.Youtube@6025e1b6]" started-at="2026-03-23T22:45:49 IST" name="youtube" finished-at="2026-03-23T22:46:16 IST" duration-ms="27248" status="PASS">
          <reporter-output>
          </reporter-output>
        </test-method> <!-- youtube -->
      </class> <!-- Sahithi.Chowdary.Youtube -->
    </test> <!-- Default test -->
  </suite> <!-- Default suite -->
</testng-results>
